<?xml version="1.0" encoding="UTF-8"?>
<!-- Generated by org.testng.reporters.JUnitReportReporter -->
<testsuite skipped="0" hostname="LAPTOP-G6T72HB8" name="main.Reg1" tests="2" failures="0" timestamp="2021-08-28T18:34:08 IST" time="0.000" errors="0">
  <testcase name="main1" time="0.000" classname="main.Reg1"/>
  <system-out/>
  <testcase name="main2" time="0.000" classname="main.Reg1"/>
  <system-out/>
</testsuite> <!-- main.Reg1 -->
